<?xml version="1.0" encoding="UTF-8"?>
<testng-results skipped="0" failed="1" total="1" passed="0">
  <reporter-output>
  </reporter-output>
  <suite name="Default suite" duration-ms="131" started-at="2019-03-23T01:40:49Z" finished-at="2019-03-23T01:40:50Z">
    <groups>
    </groups>
    <test name="Default test" duration-ms="131" started-at="2019-03-23T01:40:49Z" finished-at="2019-03-23T01:40:50Z">
      <class name="com.test.EbayWeb.Sign_up_Test">
        <test-method status="PASS" signature="open()[pri:0, instance:com.test.EbayWeb.Sign_up_Test@675d3402]" name="open" is-config="true" duration-ms="95" started-at="2019-03-22T21:40:50Z" finished-at="2019-03-22T21:40:50Z">
          <reporter-output>
          </reporter-output>
        </test-method> <!-- open -->
        <test-method status="FAIL" signature="Sign_Up_Test()[pri:0, instance:com.test.EbayWeb.Sign_up_Test@675d3402]" name="Sign_Up_Test" duration-ms="7" started-at="2019-03-22T21:40:50Z" finished-at="2019-03-22T21:40:50Z">
          <exception class="java.lang.NullPointerException">
            <full-stacktrace>
              <![CDATA[java.lang.NullPointerException
	at org.openqa.selenium.support.pagefactory.DefaultElementLocator.findElement(DefaultElementLocator.java:69)
	at org.openqa.selenium.support.pagefactory.internal.LocatingElementHandler.invoke(LocatingElementHandler.java:38)
	at com.sun.proxy.$Proxy9.sendKeys(Unknown Source)
	at com.test.EbayWeb.Sign_Up_Page.sign_up(Sign_Up_Page.java:25)
	at com.test.EbayWeb.Sign_up_Test.Sign_Up_Test(Sign_up_Test.java:18)
	at sun.reflect.NativeMethodAccessorImpl.invoke0(Native Method)
	at sun.reflect.NativeMethodAccessorImpl.invoke(NativeMethodAccessorImpl.java:62)
	at sun.reflect.DelegatingMethodAccessorImpl.invoke(DelegatingMethodAccessorImpl.java:43)
	at java.lang.reflect.Method.invoke(Method.java:498)
	at org.testng.internal.MethodInvocationHelper.invokeMethod(MethodInvocationHelper.java:80)
	at org.testng.internal.Invoker.invokeMethod(Invoker.java:714)
	at org.testng.internal.Invoker.invokeTestMethod(Invoker.java:901)
	at org.testng.internal.Invoker.invokeTestMethods(Invoker.java:1231)
	at org.testng.internal.TestMethodWorker.invokeTestMethods(TestMethodWorker.java:127)
	at org.testng.internal.TestMethodWorker.run(TestMethodWorker.java:111)
	at org.testng.TestRunner.privateRun(TestRunner.java:767)
	at org.testng.TestRunner.run(TestRunner.java:617)
	at org.testng.SuiteRunner.runTest(SuiteRunner.java:334)
	at org.testng.SuiteRunner.runSequentially(SuiteRunner.java:329)
	at org.testng.SuiteRunner.privateRun(SuiteRunner.java:291)
	at org.testng.SuiteRunner.run(SuiteRunner.java:240)
	at org.testng.SuiteRunnerWorker.runSuite(SuiteRunnerWorker.java:52)
	at org.testng.SuiteRunnerWorker.run(SuiteRunnerWorker.java:86)
	at org.testng.TestNG.runSuitesSequentially(TestNG.java:1198)
	at org.testng.TestNG.runSuitesLocally(TestNG.java:1123)
	at org.testng.TestNG.run(TestNG.java:1031)
	at org.testng.remote.AbstractRemoteTestNG.run(AbstractRemoteTestNG.java:114)
	at org.testng.remote.RemoteTestNG.initAndRun(RemoteTestNG.java:251)
	at org.testng.remote.RemoteTestNG.main(RemoteTestNG.java:77)
]]>
            </full-stacktrace>
          </exception> <!-- java.lang.NullPointerException -->
          <reporter-output>
          </reporter-output>
        </test-method> <!-- Sign_Up_Test -->
        <test-method status="PASS" signature="close()[pri:0, instance:com.test.EbayWeb.Sign_up_Test@675d3402]" name="close" is-config="true" duration-ms="1" started-at="2019-03-22T21:40:50Z" finished-at="2019-03-22T21:40:50Z">
          <reporter-output>
          </reporter-output>
        </test-method> <!-- close -->
      </class> <!-- com.test.EbayWeb.Sign_up_Test -->
    </test> <!-- Default test -->
  </suite> <!-- Default suite -->
</testng-results>
